<?xml version="1.0" encoding="UTF-8"?>
<!-- Generated by org.testng.reporters.JUnitXMLReporter -->
<testsuite ignored="0" hostname="Asus-lap" failures="0" tests="13" name="Default test" time="228.972" errors="0" timestamp="2023-02-21T10:09:36 IST">
  <testcase classname="jerseyFlow.Functionalities" name="initialStart" time="9.194"/>
  <testcase classname="jerseyFlow.Functionalities" name="login" time="25.794"/>
  <testcase classname="jerseyFlow.Functionalities" name="jerseyflow" time="31.336"/>
  <testcase classname="jerseyFlow.Functionalities" name="jeseyCollorTypes" time="31.473"/>
  <testcase classname="jerseyFlow.Functionalities" name="jerseyBackSide" time="10.486"/>
  <testcase classname="jerseyFlow.Functionalities" name="jerseyLog" time="6.525"/>
  <testcase classname="jerseyFlow.Functionalities" name="jerseyLogoPositions" time="8.452"/>
  <testcase classname="jerseyFlow.Functionalities" name="jerseyView" time="32.667"/>
  <testcase classname="jerseyFlow.Functionalities" name="addJereseyTitle" time="7.43"/>
  <testcase classname="jerseyFlow.Functionalities" name="orderScreen" time="31.856"/>
  <testcase classname="jerseyFlow.Functionalities" name="addNewAddress" time="20.23"/>
  <testcase classname="jerseyFlow.Functionalities" name="continueButton" time="8.348"/>
  <testcase classname="jerseyFlow.Functionalities" name="backButtons" time="5.099"/>
</testsuite> <!-- Default test -->
