<?xml version="1.0" encoding="UTF-8"?>
<!-- Generated by org.testng.reporters.JUnitXMLReporter -->
<testsuite ignored="0" hostname="Asus-lap" failures="0" tests="13" name="functions" time="229.5" errors="0" timestamp="2023-02-14T12:23:02 IST">
  <testcase classname="jerseyFlow.Functionalities" name="initialStart" time="9.655"/>
  <testcase classname="jerseyFlow.Functionalities" name="login" time="26.318"/>
  <testcase classname="jerseyFlow.Functionalities" name="jerseyflow" time="29.962"/>
  <testcase classname="jerseyFlow.Functionalities" name="jeseyCollorTypes" time="32.093"/>
  <testcase classname="jerseyFlow.Functionalities" name="jerseyBackSide" time="10.855"/>
  <testcase classname="jerseyFlow.Functionalities" name="jerseyLog" time="7.128"/>
  <testcase classname="jerseyFlow.Functionalities" name="jerseyLogoPositions" time="8.458"/>
  <testcase classname="jerseyFlow.Functionalities" name="jerseyView" time="32.503"/>
  <testcase classname="jerseyFlow.Functionalities" name="addJereseyTitle" time="6.585"/>
  <testcase classname="jerseyFlow.Functionalities" name="orderScreen" time="32.464"/>
  <testcase classname="jerseyFlow.Functionalities" name="addNewAddress" time="20.104"/>
  <testcase classname="jerseyFlow.Functionalities" name="continueButton" time="8.453"/>
  <testcase classname="jerseyFlow.Functionalities" name="backButtons" time="4.806"/>
</testsuite> <!-- functions -->
