<?xml version="1.0" encoding="UTF-8"?>
<testng-results ignored="0" total="13" passed="13" failed="0" skipped="0">
  <reporter-output>
  </reporter-output>
  <suite started-at="2023-02-21T10:05:47 IST" name="Default suite" finished-at="2023-02-21T10:09:36 IST" duration-ms="228972">
    <groups>
    </groups>
    <test started-at="2023-02-21T10:05:47 IST" name="Default test" finished-at="2023-02-21T10:09:36 IST" duration-ms="228972">
      <class name="jerseyFlow.Functionalities">
        <test-method signature="initialStart()[pri:0, instance:jerseyFlow.Functionalities@223191a6]" started-at="2023-02-21T10:05:47 IST" name="initialStart" finished-at="2023-02-21T10:05:57 IST" duration-ms="9194" status="PASS">
          <reporter-output>
          </reporter-output>
        </test-method> <!-- initialStart -->
        <test-method signature="login()[pri:0, instance:jerseyFlow.Functionalities@223191a6]" started-at="2023-02-21T10:05:57 IST" name="login" finished-at="2023-02-21T10:06:22 IST" duration-ms="25794" status="PASS">
          <reporter-output>
          </reporter-output>
        </test-method> <!-- login -->
        <test-method signature="jerseyflow()[pri:1, instance:jerseyFlow.Functionalities@223191a6]" started-at="2023-02-21T10:06:22 IST" name="jerseyflow" finished-at="2023-02-21T10:06:54 IST" duration-ms="31336" status="PASS">
          <reporter-output>
          </reporter-output>
        </test-method> <!-- jerseyflow -->
        <test-method signature="jeseyCollorTypes()[pri:2, instance:jerseyFlow.Functionalities@223191a6]" started-at="2023-02-21T10:06:54 IST" name="jeseyCollorTypes" finished-at="2023-02-21T10:07:25 IST" duration-ms="31473" status="PASS">
          <reporter-output>
          </reporter-output>
        </test-method> <!-- jeseyCollorTypes -->
        <test-method signature="jerseyBackSide()[pri:3, instance:jerseyFlow.Functionalities@223191a6]" started-at="2023-02-21T10:07:25 IST" name="jerseyBackSide" finished-at="2023-02-21T10:07:36 IST" duration-ms="10486" status="PASS">
          <reporter-output>
          </reporter-output>
        </test-method> <!-- jerseyBackSide -->
        <test-method signature="jerseyLog()[pri:4, instance:jerseyFlow.Functionalities@223191a6]" started-at="2023-02-21T10:07:36 IST" name="jerseyLog" finished-at="2023-02-21T10:07:42 IST" duration-ms="6525" status="PASS">
          <reporter-output>
          </reporter-output>
        </test-method> <!-- jerseyLog -->
        <test-method signature="jerseyLogoPositions()[pri:5, instance:jerseyFlow.Functionalities@223191a6]" started-at="2023-02-21T10:07:42 IST" name="jerseyLogoPositions" finished-at="2023-02-21T10:07:51 IST" duration-ms="8452" status="PASS">
          <reporter-output>
          </reporter-output>
        </test-method> <!-- jerseyLogoPositions -->
        <test-method signature="jerseyView()[pri:6, instance:jerseyFlow.Functionalities@223191a6]" started-at="2023-02-21T10:07:51 IST" name="jerseyView" finished-at="2023-02-21T10:08:23 IST" duration-ms="32667" status="PASS">
          <reporter-output>
          </reporter-output>
        </test-method> <!-- jerseyView -->
        <test-method signature="addJereseyTitle()[pri:7, instance:jerseyFlow.Functionalities@223191a6]" started-at="2023-02-21T10:08:23 IST" name="addJereseyTitle" finished-at="2023-02-21T10:08:31 IST" duration-ms="7430" status="PASS">
          <reporter-output>
          </reporter-output>
        </test-method> <!-- addJereseyTitle -->
        <test-method signature="orderScreen()[pri:8, instance:jerseyFlow.Functionalities@223191a6]" started-at="2023-02-21T10:08:31 IST" name="orderScreen" finished-at="2023-02-21T10:09:03 IST" duration-ms="31856" status="PASS">
          <reporter-output>
          </reporter-output>
        </test-method> <!-- orderScreen -->
        <test-method signature="addNewAddress()[pri:9, instance:jerseyFlow.Functionalities@223191a6]" started-at="2023-02-21T10:09:03 IST" name="addNewAddress" finished-at="2023-02-21T10:09:23 IST" duration-ms="20230" status="PASS">
          <reporter-output>
          </reporter-output>
        </test-method> <!-- addNewAddress -->
        <test-method signature="continueButton()[pri:10, instance:jerseyFlow.Functionalities@223191a6]" started-at="2023-02-21T10:09:23 IST" name="continueButton" finished-at="2023-02-21T10:09:31 IST" duration-ms="8348" status="PASS">
          <reporter-output>
          </reporter-output>
        </test-method> <!-- continueButton -->
        <test-method signature="backButtons()[pri:11, instance:jerseyFlow.Functionalities@223191a6]" started-at="2023-02-21T10:09:31 IST" name="backButtons" finished-at="2023-02-21T10:09:36 IST" duration-ms="5099" status="PASS">
          <reporter-output>
          </reporter-output>
        </test-method> <!-- backButtons -->
      </class> <!-- jerseyFlow.Functionalities -->
    </test> <!-- Default test -->
  </suite> <!-- Default suite -->
</testng-results>
